<?xml version="1.0" encoding="UTF-8"?>
<!-- Generated by org.testng.reporters.JUnitReportReporter -->
<testsuite hostname="GRACE" name="testMavenProjectSelenium001.TestNGSeleniumSimpleSearchExample" tests="1" failures="0" timestamp="27 Oct 2020 18:36:14 GMT" time="12.791" errors="0">
  <testcase name="searchTestNGInGoogle" time="12.791" classname="testMavenProjectSelenium001.TestNGSeleniumSimpleSearchExample"/>
</testsuite> <!-- testMavenProjectSelenium001.TestNGSeleniumSimpleSearchExample -->
