<?xml version="1.0" encoding="UTF-8"?>
<!-- Generated by org.testng.reporters.JUnitReportReporter -->
<testsuite hostname="GRACE" name="testMavenProjectSelenium001.TestNGSeleniumDriverInjectionExample" tests="1" failures="0" timestamp="27 Oct 2020 18:36:14 GMT" time="13.901" errors="0">
  <testcase name="searchTestNGInGoogle" time="13.901" classname="testMavenProjectSelenium001.TestNGSeleniumDriverInjectionExample"/>
</testsuite> <!-- testMavenProjectSelenium001.TestNGSeleniumDriverInjectionExample -->
