<?xml version="1.0" encoding="UTF-8"?>
<!-- Generated by org.testng.reporters.JUnitReportReporter -->
<testsuite hostname="GRACE" name="testMavenProjectSelenium001.TestNGSeleniumDataDrivenSearchExample" tests="2" failures="0" timestamp="27 Oct 2020 18:36:14 GMT" time="36.848" errors="0">
  <testcase name="searchGoogle" time="13.115" classname="testMavenProjectSelenium001.TestNGSeleniumDataDrivenSearchExample"/>
  <testcase name="searchGoogle" time="23.733" classname="testMavenProjectSelenium001.TestNGSeleniumDataDrivenSearchExample"/>
</testsuite> <!-- testMavenProjectSelenium001.TestNGSeleniumDataDrivenSearchExample -->
